Starting backup at Sun Dec 28 01:00:01 AM CST 2025
Source: /jenquist-cloud
Destination: b2-encrypted:
---
2025/12/28 01:00:03 NOTICE: backups/rsnapshot/alpha.0/localhost/etc/rmt: Can't follow symlink without -L/--copy-links
2025/12/28 01:00:03 NOTICE: backups/rsnapshot/alpha.0/localhost/etc/localtime: Can't follow symlink without -L/--copy-links
2025/12/28 01:00:03 NOTICE: backups/rsnapshot/alpha.0/localhost/etc/os-release: Can't follow symlink without -L/--copy-links
2025/12/28 01:00:03 NOTICE: backups/rsnapshot/alpha.0/localhost/etc/mtab: Can't follow symlink without -L/--copy-links
2025/12/28 01:00:04 NOTICE: backups/rsnapshot/alpha.1/localhost/etc/localtime: Can't follow symlink without -L/--copy-links
2025/12/28 01:00:04 NOTICE: backups/rsnapshot/alpha.1/localhost/etc/mtab: Can't follow symlink without -L/--copy-links
2025/12/28 01:00:04 NOTICE: backups/rsnapshot/alpha.1/localhost/etc/os-release: Can't follow symlink without -L/--copy-links
2025/12/28 01:00:04 NOTICE: backups/rsnapshot/alpha.1/localhost/etc/rmt: Can't follow symlink without -L/--copy-links
2025/12/28 01:00:04 NOTICE: backups/rsnapshot/alpha.2/localhost/etc/localtime: Can't follow symlink without -L/--copy-links
2025/12/28 01:00:04 NOTICE: backups/rsnapshot/alpha.2/localhost/etc/mtab: Can't follow symlink without -L/--copy-links
2025/12/28 01:00:04 NOTICE: backups/rsnapshot/alpha.2/localhost/etc/os-release: Can't follow symlink without -L/--copy-links
2025/12/28 01:00:04 NOTICE: backups/rsnapshot/alpha.2/localhost/etc/rmt: Can't follow symlink without -L/--copy-links
2025/12/28 01:00:04 ERROR : backups/rsnapshot/alpha.0/localhost/home/jobin: failed to open directory "backups/rsnapshot/alpha.0/localhost/home/jobin": open /jenquist-cloud/backups/rsnapshot/alpha.0/localhost/home/jobin: permission denied
2025/12/28 01:00:04 ERROR : backups/rsnapshot/alpha.1/localhost/home/jobin: failed to open directory "backups/rsnapshot/alpha.1/localhost/home/jobin": open /jenquist-cloud/backups/rsnapshot/alpha.1/localhost/home/jobin: permission denied
2025/12/28 01:00:04 ERROR : backups/rsnapshot/alpha.2/localhost/home/jobin: failed to open directory "backups/rsnapshot/alpha.2/localhost/home/jobin": open /jenquist-cloud/backups/rsnapshot/alpha.2/localhost/home/jobin: permission denied
2025/12/28 01:00:05 NOTICE: backups/rsnapshot/beta.0/localhost/etc/os-release: Can't follow symlink without -L/--copy-links
2025/12/28 01:00:05 NOTICE: backups/rsnapshot/beta.0/localhost/etc/localtime: Can't follow symlink without -L/--copy-links
2025/12/28 01:00:05 NOTICE: backups/rsnapshot/beta.0/localhost/etc/mtab: Can't follow symlink without -L/--copy-links
2025/12/28 01:00:05 NOTICE: backups/rsnapshot/beta.0/localhost/etc/rmt: Can't follow symlink without -L/--copy-links
2025/12/28 01:00:05 NOTICE: backups/rsnapshot/alpha.0/localhost/usr/local/man: Can't follow symlink without -L/--copy-links
2025/12/28 01:00:05 NOTICE: backups/rsnapshot/gamma.0/localhost/etc/os-release: Can't follow symlink without -L/--copy-links
2025/12/28 01:00:05 NOTICE: backups/rsnapshot/gamma.0/localhost/etc/mtab: Can't follow symlink without -L/--copy-links
2025/12/28 01:00:05 NOTICE: backups/rsnapshot/gamma.0/localhost/etc/rmt: Can't follow symlink without -L/--copy-links
2025/12/28 01:00:05 NOTICE: backups/rsnapshot/gamma.0/localhost/etc/localtime: Can't follow symlink without -L/--copy-links
2025/12/28 01:00:06 NOTICE: backups/rsnapshot/alpha.1/localhost/usr/local/man: Can't follow symlink without -L/--copy-links
2025/12/28 01:00:06 NOTICE: backups/rsnapshot/delta.0/localhost/etc/os-release: Can't follow symlink without -L/--copy-links
2025/12/28 01:00:06 NOTICE: backups/rsnapshot/delta.0/localhost/etc/mtab: Can't follow symlink without -L/--copy-links
2025/12/28 01:00:06 NOTICE: backups/rsnapshot/delta.0/localhost/etc/localtime: Can't follow symlink without -L/--copy-links
2025/12/28 01:00:06 NOTICE: backups/rsnapshot/delta.0/localhost/etc/rmt: Can't follow symlink without -L/--copy-links
2025/12/28 01:00:06 NOTICE: backups/rsnapshot/alpha.0/localhost/etc/alsa/conf.d/99-pipewire-default.conf: Can't follow symlink without -L/--copy-links
2025/12/28 01:00:06 NOTICE: backups/rsnapshot/alpha.0/localhost/etc/alsa/conf.d/50-pipewire.conf: Can't follow symlink without -L/--copy-links
2025/12/28 01:00:06 ERROR : backups/rsnapshot/beta.0/localhost/home/jobin: failed to open directory "backups/rsnapshot/beta.0/localhost/home/jobin": open /jenquist-cloud/backups/rsnapshot/beta.0/localhost/home/jobin: permission denied
2025/12/28 01:00:07 NOTICE: backups/rsnapshot/alpha.2/localhost/usr/local/man: Can't follow symlink without -L/--copy-links
2025/12/28 01:00:07 NOTICE: backups/rsnapshot/alpha.0/localhost/home/unarmedpuppy/.face.icon: Can't follow symlink without -L/--copy-links
2025/12/28 01:00:07 NOTICE: backups/rsnapshot/alpha.1/localhost/home/unarmedpuppy/.face.icon: Can't follow symlink without -L/--copy-links
2025/12/28 01:00:07 NOTICE: backups/rsnapshot/alpha.1/localhost/etc/alsa/conf.d/99-pipewire-default.conf: Can't follow symlink without -L/--copy-links
2025/12/28 01:00:07 NOTICE: backups/rsnapshot/alpha.1/localhost/etc/alsa/conf.d/50-pipewire.conf: Can't follow symlink without -L/--copy-links
2025/12/28 01:00:07 NOTICE: backups/rsnapshot/alpha.2/localhost/etc/alsa/conf.d/99-pipewire-default.conf: Can't follow symlink without -L/--copy-links
2025/12/28 01:00:07 NOTICE: backups/rsnapshot/alpha.2/localhost/etc/alsa/conf.d/50-pipewire.conf: Can't follow symlink without -L/--copy-links
2025/12/28 01:00:08 NOTICE: backups/rsnapshot/alpha.2/localhost/home/unarmedpuppy/.face.icon: Can't follow symlink without -L/--copy-links
2025/12/28 01:00:08 ERROR : backups/rsnapshot/gamma.0/localhost/home/jobin: failed to open directory "backups/rsnapshot/gamma.0/localhost/home/jobin": open /jenquist-cloud/backups/rsnapshot/gamma.0/localhost/home/jobin: permission denied
2025/12/28 01:00:08 NOTICE: backups/rsnapshot/beta.0/localhost/usr/local/man: Can't follow symlink without -L/--copy-links
2025/12/28 01:00:08 NOTICE: backups/rsnapshot/alpha.0/localhost/etc/dictionaries-common/default.hash: Can't follow symlink without -L/--copy-links
2025/12/28 01:00:08 NOTICE: backups/rsnapshot/alpha.0/localhost/etc/dictionaries-common/default.aff: Can't follow symlink without -L/--copy-links
2025/12/28 01:00:08 NOTICE: backups/rsnapshot/alpha.0/localhost/etc/dictionaries-common/ispell-default: Can't follow symlink without -L/--copy-links
2025/12/28 01:00:08 NOTICE: backups/rsnapshot/alpha.0/localhost/etc/dictionaries-common/words: Can't follow symlink without -L/--copy-links
2025/12/28 01:00:08 NOTICE: backups/rsnapshot/delta.0/localhost/usr/local/man: Can't follow symlink without -L/--copy-links
2025/12/28 01:00:09 NOTICE: backups/rsnapshot/gamma.0/localhost/usr/local/man: Can't follow symlink without -L/--copy-links
2025/12/28 01:00:09 NOTICE: backups/rsnapshot/delta.0/localhost/home/unarmedpuppy/.face.icon: Can't follow symlink without -L/--copy-links
2025/12/28 01:00:09 NOTICE: backups/rsnapshot/beta.0/localhost/etc/alsa/conf.d/99-pipewire-default.conf: Can't follow symlink without -L/--copy-links
2025/12/28 01:00:09 NOTICE: backups/rsnapshot/beta.0/localhost/etc/alsa/conf.d/50-pipewire.conf: Can't follow symlink without -L/--copy-links
2025/12/28 01:00:09 NOTICE: backups/rsnapshot/beta.0/localhost/home/unarmedpuppy/.face.icon: Can't follow symlink without -L/--copy-links
2025/12/28 01:00:09 NOTICE: backups/rsnapshot/alpha.1/localhost/etc/dictionaries-common/default.aff: Can't follow symlink without -L/--copy-links
2025/12/28 01:00:09 NOTICE: backups/rsnapshot/alpha.1/localhost/etc/dictionaries-common/words: Can't follow symlink without -L/--copy-links
2025/12/28 01:00:09 NOTICE: backups/rsnapshot/alpha.1/localhost/etc/dictionaries-common/default.hash: Can't follow symlink without -L/--copy-links
2025/12/28 01:00:09 NOTICE: backups/rsnapshot/alpha.1/localhost/etc/dictionaries-common/ispell-default: Can't follow symlink without -L/--copy-links
2025/12/28 01:00:09 NOTICE: backups/rsnapshot/gamma.0/localhost/etc/alsa/conf.d/50-pipewire.conf: Can't follow symlink without -L/--copy-links
2025/12/28 01:00:09 NOTICE: backups/rsnapshot/gamma.0/localhost/etc/alsa/conf.d/99-pipewire-default.conf: Can't follow symlink without -L/--copy-links
2025/12/28 01:00:10 NOTICE: backups/rsnapshot/delta.0/localhost/etc/alsa/conf.d/99-pipewire-default.conf: Can't follow symlink without -L/--copy-links
2025/12/28 01:00:10 NOTICE: backups/rsnapshot/delta.0/localhost/etc/alsa/conf.d/50-pipewire.conf: Can't follow symlink without -L/--copy-links
2025/12/28 01:00:10 NOTICE: backups/rsnapshot/gamma.0/localhost/home/unarmedpuppy/.face.icon: Can't follow symlink without -L/--copy-links
2025/12/28 01:00:13 NOTICE: backups/rsnapshot/beta.0/localhost/etc/dictionaries-common/default.aff: Can't follow symlink without -L/--copy-links
2025/12/28 01:00:13 NOTICE: backups/rsnapshot/beta.0/localhost/etc/dictionaries-common/words: Can't follow symlink without -L/--copy-links
2025/12/28 01:00:13 NOTICE: backups/rsnapshot/beta.0/localhost/etc/dictionaries-common/ispell-default: Can't follow symlink without -L/--copy-links
2025/12/28 01:00:13 NOTICE: backups/rsnapshot/beta.0/localhost/etc/dictionaries-common/default.hash: Can't follow symlink without -L/--copy-links
2025/12/28 01:00:13 NOTICE: backups/rsnapshot/gamma.0/localhost/etc/dictionaries-common/words: Can't follow symlink without -L/--copy-links
2025/12/28 01:00:13 NOTICE: backups/rsnapshot/gamma.0/localhost/etc/dictionaries-common/default.hash: Can't follow symlink without -L/--copy-links
2025/12/28 01:00:13 NOTICE: backups/rsnapshot/gamma.0/localhost/etc/dictionaries-common/default.aff: Can't follow symlink without -L/--copy-links
2025/12/28 01:00:13 NOTICE: backups/rsnapshot/gamma.0/localhost/etc/dictionaries-common/ispell-default: Can't follow symlink without -L/--copy-links
2025/12/28 01:00:14 NOTICE: backups/rsnapshot/delta.0/localhost/etc/dictionaries-common/words: Can't follow symlink without -L/--copy-links
2025/12/28 01:00:14 NOTICE: backups/rsnapshot/delta.0/localhost/etc/dictionaries-common/ispell-default: Can't follow symlink without -L/--copy-links
2025/12/28 01:00:14 NOTICE: backups/rsnapshot/delta.0/localhost/etc/dictionaries-common/default.aff: Can't follow symlink without -L/--copy-links
2025/12/28 01:00:14 NOTICE: backups/rsnapshot/delta.0/localhost/etc/dictionaries-common/default.hash: Can't follow symlink without -L/--copy-links
2025/12/28 01:00:16 NOTICE: backups/rsnapshot/alpha.0/localhost/usr/local/bin/cloudflared: Can't follow symlink without -L/--copy-links
2025/12/28 01:00:18 NOTICE: backups/rsnapshot/alpha.1/localhost/etc/fonts/conf.d/20-unhint-small-vera.conf: Can't follow symlink without -L/--copy-links
2025/12/28 01:00:18 NOTICE: backups/rsnapshot/alpha.1/localhost/etc/fonts/conf.d/48-spacing.conf: Can't follow symlink without -L/--copy-links
2025/12/28 01:00:18 NOTICE: backups/rsnapshot/alpha.1/localhost/etc/fonts/conf.d/10-hinting-slight.conf: Can't follow symlink without -L/--copy-links
2025/12/28 01:00:18 NOTICE: backups/rsnapshot/alpha.1/localhost/etc/fonts/conf.d/20-unhint-small-dejavu-serif.conf: Can't follow symlink without -L/--copy-links
2025/12/28 01:00:18 NOTICE: backups/rsnapshot/alpha.1/localhost/etc/fonts/conf.d/61-urw-nimbus-roman.conf: Can't follow symlink without -L/--copy-links
2025/12/28 01:00:18 NOTICE: backups/rsnapshot/alpha.1/localhost/etc/fonts/conf.d/20-unhint-small-dejavu-lgc-sans.conf: Can't follow symlink without -L/--copy-links
2025/12/28 01:00:18 NOTICE: backups/rsnapshot/alpha.1/localhost/etc/fonts/conf.d/61-urw-d050000l.conf: Can't follow symlink without -L/--copy-links
2025/12/28 01:00:18 NOTICE: backups/rsnapshot/alpha.1/localhost/etc/fonts/conf.d/60-generic.conf: Can't follow symlink without -L/--copy-links
2025/12/28 01:00:18 NOTICE: backups/rsnapshot/alpha.1/localhost/etc/fonts/conf.d/90-synthetic.conf: Can't follow symlink without -L/--copy-links
2025/12/28 01:00:18 NOTICE: backups/rsnapshot/alpha.1/localhost/etc/fonts/conf.d/58-dejavu-lgc-sans-mono.conf: Can't follow symlink without -L/--copy-links
2025/12/28 01:00:18 NOTICE: backups/rsnapshot/alpha.1/localhost/etc/fonts/conf.d/51-local.conf: Can't follow symlink without -L/--copy-links
2025/12/28 01:00:18 NOTICE: backups/rsnapshot/alpha.1/localhost/etc/fonts/conf.d/57-dejavu-sans.conf: Can't follow symlink without -L/--copy-links
2025/12/28 01:00:18 NOTICE: backups/rsnapshot/alpha.1/localhost/etc/fonts/conf.d/61-urw-c059.conf: Can't follow symlink without -L/--copy-links
2025/12/28 01:00:18 NOTICE: backups/rsnapshot/alpha.1/localhost/etc/fonts/conf.d/61-urw-standard-symbols-ps.conf: Can't follow symlink without -L/--copy-links
2025/12/28 01:00:18 NOTICE: backups/rsnapshot/alpha.1/localhost/etc/fonts/conf.d/20-unhint-small-dejavu-lgc-serif.conf: Can't follow symlink without -L/--copy-links
2025/12/28 01:00:18 NOTICE: backups/rsnapshot/alpha.1/localhost/etc/fonts/conf.d/20-unhint-small-dejavu-sans.conf: Can't follow symlink without -L/--copy-links
2025/12/28 01:00:18 NOTICE: backups/rsnapshot/alpha.1/localhost/etc/fonts/conf.d/50-user.conf: Can't follow symlink without -L/--copy-links
2025/12/28 01:00:18 NOTICE: backups/rsnapshot/alpha.1/localhost/etc/fonts/conf.d/45-generic.conf: Can't follow symlink without -L/--copy-links
2025/12/28 01:00:18 NOTICE: backups/rsnapshot/alpha.1/localhost/etc/fonts/conf.d/10-yes-antialias.conf: Can't follow symlink without -L/--copy-links
2025/12/28 01:00:18 NOTICE: backups/rsnapshot/alpha.1/localhost/etc/fonts/conf.d/61-urw-p052.conf: Can't follow symlink without -L/--copy-links
2025/12/28 01:00:18 NOTICE: backups/rsnapshot/alpha.1/localhost/etc/fonts/conf.d/61-urw-nimbus-mono-ps.conf: Can't follow symlink without -L/--copy-links
2025/12/28 01:00:18 NOTICE: backups/rsnapshot/alpha.1/localhost/etc/fonts/conf.d/10-scale-bitmap-fonts.conf: Can't follow symlink without -L/--copy-links
2025/12/28 01:00:18 NOTICE: backups/rsnapshot/alpha.1/localhost/etc/fonts/conf.d/61-urw-z003.conf: Can't follow symlink without -L/--copy-links
2025/12/28 01:00:18 NOTICE: backups/rsnapshot/alpha.1/localhost/etc/fonts/conf.d/11-lcdfilter-default.conf: Can't follow symlink without -L/--copy-links
2025/12/28 01:00:18 NOTICE: backups/rsnapshot/alpha.1/localhost/etc/fonts/conf.d/61-urw-fallback-generics.conf: Can't follow symlink without -L/--copy-links
2025/12/28 01:00:18 NOTICE: backups/rsnapshot/alpha.1/localhost/etc/fonts/conf.d/20-unhint-small-dejavu-lgc-sans-mono.conf: Can't follow symlink without -L/--copy-links
2025/12/28 01:00:18 NOTICE: backups/rsnapshot/alpha.1/localhost/etc/fonts/conf.d/20-unhint-small-dejavu-sans-mono.conf: Can't follow symlink without -L/--copy-links
2025/12/28 01:00:18 NOTICE: backups/rsnapshot/alpha.1/localhost/etc/fonts/conf.d/69-unifont.conf: Can't follow symlink without -L/--copy-links
2025/12/28 01:00:18 NOTICE: backups/rsnapshot/alpha.1/localhost/etc/fonts/conf.d/45-latin.conf: Can't follow symlink without -L/--copy-links
2025/12/28 01:00:18 NOTICE: backups/rsnapshot/alpha.1/localhost/etc/fonts/conf.d/70-no-bitmaps.conf: Can't follow symlink without -L/--copy-links
2025/12/28 01:00:18 NOTICE: backups/rsnapshot/alpha.1/localhost/etc/fonts/conf.d/57-dejavu-serif.conf: Can't follow symlink without -L/--copy-links
2025/12/28 01:00:18 NOTICE: backups/rsnapshot/alpha.1/localhost/etc/fonts/conf.d/30-metric-aliases.conf: Can't follow symlink without -L/--copy-links
2025/12/28 01:00:18 NOTICE: backups/rsnapshot/alpha.1/localhost/etc/fonts/conf.d/61-urw-bookman.conf: Can't follow symlink without -L/--copy-links
2025/12/28 01:00:18 NOTICE: backups/rsnapshot/alpha.1/localhost/etc/fonts/conf.d/80-delicious.conf: Can't follow symlink without -L/--copy-links
2025/12/28 01:00:18 NOTICE: backups/rsnapshot/alpha.1/localhost/etc/fonts/conf.d/65-nonlatin.conf: Can't follow symlink without -L/--copy-links
2025/12/28 01:00:18 NOTICE: backups/rsnapshot/alpha.1/localhost/etc/fonts/conf.d/61-urw-nimbus-sans.conf: Can't follow symlink without -L/--copy-links
2025/12/28 01:00:18 NOTICE: backups/rsnapshot/alpha.1/localhost/etc/fonts/conf.d/49-sansserif.conf: Can't follow symlink without -L/--copy-links
2025/12/28 01:00:18 NOTICE: backups/rsnapshot/alpha.1/localhost/etc/fonts/conf.d/60-latin.conf: Can't follow symlink without -L/--copy-links
2025/12/28 01:00:18 NOTICE: backups/rsnapshot/alpha.1/localhost/etc/fonts/conf.d/58-dejavu-lgc-serif.conf: Can't follow symlink without -L/--copy-links
2025/12/28 01:00:18 NOTICE: backups/rsnapshot/alpha.1/localhost/etc/fonts/conf.d/57-dejavu-sans-mono.conf: Can't follow symlink without -L/--copy-links
2025/12/28 01:00:18 NOTICE: backups/rsnapshot/alpha.1/localhost/etc/fonts/conf.d/30-opensymbol.conf: Can't follow symlink without -L/--copy-links
2025/12/28 01:00:18 NOTICE: backups/rsnapshot/alpha.1/localhost/etc/fonts/conf.d/61-urw-gothic.conf: Can't follow symlink without -L/--copy-links
2025/12/28 01:00:18 NOTICE: backups/rsnapshot/alpha.1/localhost/etc/fonts/conf.d/58-dejavu-lgc-sans.conf: Can't follow symlink without -L/--copy-links
2025/12/28 01:00:18 NOTICE: backups/rsnapshot/alpha.1/localhost/etc/fonts/conf.d/65-fonts-persian.conf: Can't follow symlink without -L/--copy-links
2025/12/28 01:00:18 NOTICE: backups/rsnapshot/alpha.1/localhost/etc/fonts/conf.d/40-nonlatin.conf: Can't follow symlink without -L/--copy-links
2025/12/28 01:00:18 NOTICE: backups/rsnapshot/alpha.1/localhost/etc/fonts/conf.d/61-urw-fallback-backwards.conf: Can't follow symlink without -L/--copy-links
2025/12/28 01:00:18 NOTICE: backups/rsnapshot/alpha.1/localhost/usr/local/bin/cloudflared: Can't follow symlink without -L/--copy-links
2025/12/28 01:00:19 NOTICE: backups/rsnapshot/beta.0/localhost/etc/fonts/conf.d/20-unhint-small-dejavu-sans-mono.conf: Can't follow symlink without -L/--copy-links
2025/12/28 01:00:19 NOTICE: backups/rsnapshot/beta.0/localhost/etc/fonts/conf.d/57-dejavu-sans-mono.conf: Can't follow symlink without -L/--copy-links
2025/12/28 01:00:19 NOTICE: backups/rsnapshot/beta.0/localhost/etc/fonts/conf.d/10-hinting-slight.conf: Can't follow symlink without -L/--copy-links
2025/12/28 01:00:19 NOTICE: backups/rsnapshot/beta.0/localhost/etc/fonts/conf.d/61-urw-z003.conf: Can't follow symlink without -L/--copy-links
2025/12/28 01:00:19 NOTICE: backups/rsnapshot/beta.0/localhost/etc/fonts/conf.d/61-urw-p052.conf: Can't follow symlink without -L/--copy-links
2025/12/28 01:00:19 NOTICE: backups/rsnapshot/beta.0/localhost/etc/fonts/conf.d/11-lcdfilter-default.conf: Can't follow symlink without -L/--copy-links
2025/12/28 01:00:19 NOTICE: backups/rsnapshot/beta.0/localhost/etc/fonts/conf.d/61-urw-standard-symbols-ps.conf: Can't follow symlink without -L/--copy-links
2025/12/28 01:00:19 NOTICE: backups/rsnapshot/beta.0/localhost/etc/fonts/conf.d/20-unhint-small-dejavu-sans.conf: Can't follow symlink without -L/--copy-links
2025/12/28 01:00:19 NOTICE: backups/rsnapshot/beta.0/localhost/etc/fonts/conf.d/58-dejavu-lgc-serif.conf: Can't follow symlink without -L/--copy-links
2025/12/28 01:00:19 NOTICE: backups/rsnapshot/beta.0/localhost/etc/fonts/conf.d/58-dejavu-lgc-sans.conf: Can't follow symlink without -L/--copy-links
2025/12/28 01:00:19 NOTICE: backups/rsnapshot/beta.0/localhost/etc/fonts/conf.d/61-urw-d050000l.conf: Can't follow symlink without -L/--copy-links
2025/12/28 01:00:19 NOTICE: backups/rsnapshot/beta.0/localhost/etc/fonts/conf.d/61-urw-fallback-generics.conf: Can't follow symlink without -L/--copy-links
2025/12/28 01:00:19 NOTICE: backups/rsnapshot/beta.0/localhost/etc/fonts/conf.d/45-latin.conf: Can't follow symlink without -L/--copy-links
2025/12/28 01:00:19 NOTICE: backups/rsnapshot/beta.0/localhost/etc/fonts/conf.d/70-no-bitmaps.conf: Can't follow symlink without -L/--copy-links
2025/12/28 01:00:19 NOTICE: backups/rsnapshot/beta.0/localhost/etc/fonts/conf.d/61-urw-c059.conf: Can't follow symlink without -L/--copy-links
2025/12/28 01:00:19 NOTICE: backups/rsnapshot/beta.0/localhost/etc/fonts/conf.d/49-sansserif.conf: Can't follow symlink without -L/--copy-links
2025/12/28 01:00:19 NOTICE: backups/rsnapshot/beta.0/localhost/etc/fonts/conf.d/80-delicious.conf: Can't follow symlink without -L/--copy-links
2025/12/28 01:00:19 NOTICE: backups/rsnapshot/beta.0/localhost/etc/fonts/conf.d/61-urw-nimbus-sans.conf: Can't follow symlink without -L/--copy-links
2025/12/28 01:00:19 NOTICE: backups/rsnapshot/beta.0/localhost/etc/fonts/conf.d/58-dejavu-lgc-sans-mono.conf: Can't follow symlink without -L/--copy-links
2025/12/28 01:00:19 NOTICE: backups/rsnapshot/beta.0/localhost/etc/fonts/conf.d/61-urw-bookman.conf: Can't follow symlink without -L/--copy-links
2025/12/28 01:00:19 NOTICE: backups/rsnapshot/beta.0/localhost/etc/fonts/conf.d/61-urw-gothic.conf: Can't follow symlink without -L/--copy-links
2025/12/28 01:00:19 NOTICE: backups/rsnapshot/beta.0/localhost/etc/fonts/conf.d/30-opensymbol.conf: Can't follow symlink without -L/--copy-links
2025/12/28 01:00:19 NOTICE: backups/rsnapshot/beta.0/localhost/etc/fonts/conf.d/50-user.conf: Can't follow symlink without -L/--copy-links
2025/12/28 01:00:19 NOTICE: backups/rsnapshot/beta.0/localhost/etc/fonts/conf.d/20-unhint-small-dejavu-lgc-sans.conf: Can't follow symlink without -L/--copy-links
2025/12/28 01:00:19 NOTICE: backups/rsnapshot/beta.0/localhost/etc/fonts/conf.d/65-fonts-persian.conf: Can't follow symlink without -L/--copy-links
2025/12/28 01:00:19 NOTICE: backups/rsnapshot/beta.0/localhost/etc/fonts/conf.d/10-scale-bitmap-fonts.conf: Can't follow symlink without -L/--copy-links
2025/12/28 01:00:19 NOTICE: backups/rsnapshot/beta.0/localhost/etc/fonts/conf.d/60-latin.conf: Can't follow symlink without -L/--copy-links
2025/12/28 01:00:19 NOTICE: backups/rsnapshot/beta.0/localhost/etc/fonts/conf.d/69-unifont.conf: Can't follow symlink without -L/--copy-links
2025/12/28 01:00:19 NOTICE: backups/rsnapshot/beta.0/localhost/etc/fonts/conf.d/61-urw-nimbus-mono-ps.conf: Can't follow symlink without -L/--copy-links
2025/12/28 01:00:19 NOTICE: backups/rsnapshot/beta.0/localhost/etc/fonts/conf.d/20-unhint-small-dejavu-serif.conf: Can't follow symlink without -L/--copy-links
2025/12/28 01:00:19 NOTICE: backups/rsnapshot/beta.0/localhost/etc/fonts/conf.d/20-unhint-small-vera.conf: Can't follow symlink without -L/--copy-links
2025/12/28 01:00:19 NOTICE: backups/rsnapshot/beta.0/localhost/etc/fonts/conf.d/40-nonlatin.conf: Can't follow symlink without -L/--copy-links
2025/12/28 01:00:19 NOTICE: backups/rsnapshot/beta.0/localhost/etc/fonts/conf.d/45-generic.conf: Can't follow symlink without -L/--copy-links
2025/12/28 01:00:19 NOTICE: backups/rsnapshot/beta.0/localhost/etc/fonts/conf.d/90-synthetic.conf: Can't follow symlink without -L/--copy-links
2025/12/28 01:00:19 NOTICE: backups/rsnapshot/beta.0/localhost/etc/fonts/conf.d/30-metric-aliases.conf: Can't follow symlink without -L/--copy-links
2025/12/28 01:00:19 NOTICE: backups/rsnapshot/beta.0/localhost/etc/fonts/conf.d/57-dejavu-serif.conf: Can't follow symlink without -L/--copy-links
2025/12/28 01:00:19 NOTICE: backups/rsnapshot/beta.0/localhost/etc/fonts/conf.d/57-dejavu-sans.conf: Can't follow symlink without -L/--copy-links
2025/12/28 01:00:19 NOTICE: backups/rsnapshot/beta.0/localhost/etc/fonts/conf.d/65-nonlatin.conf: Can't follow symlink without -L/--copy-links
2025/12/28 01:00:19 NOTICE: backups/rsnapshot/beta.0/localhost/etc/fonts/conf.d/20-unhint-small-dejavu-lgc-sans-mono.conf: Can't follow symlink without -L/--copy-links
2025/12/28 01:00:19 NOTICE: backups/rsnapshot/beta.0/localhost/etc/fonts/conf.d/61-urw-nimbus-roman.conf: Can't follow symlink without -L/--copy-links
2025/12/28 01:00:19 NOTICE: backups/rsnapshot/beta.0/localhost/etc/fonts/conf.d/60-generic.conf: Can't follow symlink without -L/--copy-links
2025/12/28 01:00:19 NOTICE: backups/rsnapshot/beta.0/localhost/etc/fonts/conf.d/20-unhint-small-dejavu-lgc-serif.conf: Can't follow symlink without -L/--copy-links
2025/12/28 01:00:19 NOTICE: backups/rsnapshot/beta.0/localhost/etc/fonts/conf.d/61-urw-fallback-backwards.conf: Can't follow symlink without -L/--copy-links
2025/12/28 01:00:19 NOTICE: backups/rsnapshot/beta.0/localhost/etc/fonts/conf.d/48-spacing.conf: Can't follow symlink without -L/--copy-links
2025/12/28 01:00:19 NOTICE: backups/rsnapshot/beta.0/localhost/etc/fonts/conf.d/10-yes-antialias.conf: Can't follow symlink without -L/--copy-links
2025/12/28 01:00:19 NOTICE: backups/rsnapshot/beta.0/localhost/etc/fonts/conf.d/51-local.conf: Can't follow symlink without -L/--copy-links
2025/12/28 01:00:19 NOTICE: backups/rsnapshot/alpha.2/localhost/usr/local/bin/cloudflared: Can't follow symlink without -L/--copy-links
2025/12/28 01:00:20 NOTICE: backups/rsnapshot/gamma.0/localhost/etc/fonts/conf.d/40-nonlatin.conf: Can't follow symlink without -L/--copy-links
2025/12/28 01:00:20 NOTICE: backups/rsnapshot/gamma.0/localhost/etc/fonts/conf.d/57-dejavu-serif.conf: Can't follow symlink without -L/--copy-links
2025/12/28 01:00:20 NOTICE: backups/rsnapshot/gamma.0/localhost/etc/fonts/conf.d/20-unhint-small-dejavu-serif.conf: Can't follow symlink without -L/--copy-links
2025/12/28 01:00:20 NOTICE: backups/rsnapshot/gamma.0/localhost/etc/fonts/conf.d/20-unhint-small-vera.conf: Can't follow symlink without -L/--copy-links
2025/12/28 01:00:20 NOTICE: backups/rsnapshot/gamma.0/localhost/etc/fonts/conf.d/61-urw-standard-symbols-ps.conf: Can't follow symlink without -L/--copy-links
2025/12/28 01:00:20 NOTICE: backups/rsnapshot/gamma.0/localhost/etc/fonts/conf.d/10-hinting-slight.conf: Can't follow symlink without -L/--copy-links
2025/12/28 01:00:20 NOTICE: backups/rsnapshot/gamma.0/localhost/etc/fonts/conf.d/20-unhint-small-dejavu-sans-mono.conf: Can't follow symlink without -L/--copy-links
2025/12/28 01:00:20 NOTICE: backups/rsnapshot/gamma.0/localhost/etc/fonts/conf.d/69-unifont.conf: Can't follow symlink without -L/--copy-links
2025/12/28 01:00:20 NOTICE: backups/rsnapshot/gamma.0/localhost/etc/fonts/conf.d/20-unhint-small-dejavu-lgc-sans-mono.conf: Can't follow symlink without -L/--copy-links
2025/12/28 01:00:20 NOTICE: backups/rsnapshot/gamma.0/localhost/etc/fonts/conf.d/58-dejavu-lgc-sans.conf: Can't follow symlink without -L/--copy-links
2025/12/28 01:00:20 NOTICE: backups/rsnapshot/gamma.0/localhost/etc/fonts/conf.d/50-user.conf: Can't follow symlink without -L/--copy-links
2025/12/28 01:00:20 NOTICE: backups/rsnapshot/gamma.0/localhost/etc/fonts/conf.d/61-urw-bookman.conf: Can't follow symlink without -L/--copy-links
2025/12/28 01:00:20 NOTICE: backups/rsnapshot/gamma.0/localhost/etc/fonts/conf.d/65-fonts-persian.conf: Can't follow symlink without -L/--copy-links
2025/12/28 01:00:20 NOTICE: backups/rsnapshot/gamma.0/localhost/etc/fonts/conf.d/49-sansserif.conf: Can't follow symlink without -L/--copy-links
2025/12/28 01:00:20 NOTICE: backups/rsnapshot/gamma.0/localhost/etc/fonts/conf.d/65-nonlatin.conf: Can't follow symlink without -L/--copy-links
2025/12/28 01:00:20 NOTICE: backups/rsnapshot/gamma.0/localhost/etc/fonts/conf.d/58-dejavu-lgc-sans-mono.conf: Can't follow symlink without -L/--copy-links
2025/12/28 01:00:20 NOTICE: backups/rsnapshot/gamma.0/localhost/etc/fonts/conf.d/80-delicious.conf: Can't follow symlink without -L/--copy-links
2025/12/28 01:00:20 NOTICE: backups/rsnapshot/gamma.0/localhost/etc/fonts/conf.d/61-urw-fallback-backwards.conf: Can't follow symlink without -L/--copy-links
2025/12/28 01:00:20 NOTICE: backups/rsnapshot/gamma.0/localhost/etc/fonts/conf.d/51-local.conf: Can't follow symlink without -L/--copy-links
2025/12/28 01:00:20 NOTICE: backups/rsnapshot/gamma.0/localhost/etc/fonts/conf.d/61-urw-nimbus-roman.conf: Can't follow symlink without -L/--copy-links
2025/12/28 01:00:20 NOTICE: backups/rsnapshot/gamma.0/localhost/etc/fonts/conf.d/11-lcdfilter-default.conf: Can't follow symlink without -L/--copy-links
2025/12/28 01:00:20 NOTICE: backups/rsnapshot/gamma.0/localhost/etc/fonts/conf.d/61-urw-nimbus-sans.conf: Can't follow symlink without -L/--copy-links
2025/12/28 01:00:20 NOTICE: backups/rsnapshot/gamma.0/localhost/etc/fonts/conf.d/61-urw-p052.conf: Can't follow symlink without -L/--copy-links
2025/12/28 01:00:20 NOTICE: backups/rsnapshot/gamma.0/localhost/etc/fonts/conf.d/61-urw-z003.conf: Can't follow symlink without -L/--copy-links
2025/12/28 01:00:20 NOTICE: backups/rsnapshot/gamma.0/localhost/etc/fonts/conf.d/60-generic.conf: Can't follow symlink without -L/--copy-links
2025/12/28 01:00:20 NOTICE: backups/rsnapshot/gamma.0/localhost/etc/fonts/conf.d/61-urw-c059.conf: Can't follow symlink without -L/--copy-links
2025/12/28 01:00:20 NOTICE: backups/rsnapshot/gamma.0/localhost/etc/fonts/conf.d/10-yes-antialias.conf: Can't follow symlink without -L/--copy-links
2025/12/28 01:00:20 NOTICE: backups/rsnapshot/gamma.0/localhost/etc/fonts/conf.d/57-dejavu-sans-mono.conf: Can't follow symlink without -L/--copy-links
2025/12/28 01:00:20 NOTICE: backups/rsnapshot/gamma.0/localhost/etc/fonts/conf.d/30-opensymbol.conf: Can't follow symlink without -L/--copy-links
2025/12/28 01:00:20 NOTICE: backups/rsnapshot/gamma.0/localhost/etc/fonts/conf.d/61-urw-d050000l.conf: Can't follow symlink without -L/--copy-links
2025/12/28 01:00:20 NOTICE: backups/rsnapshot/gamma.0/localhost/etc/fonts/conf.d/48-spacing.conf: Can't follow symlink without -L/--copy-links
2025/12/28 01:00:20 NOTICE: backups/rsnapshot/gamma.0/localhost/etc/fonts/conf.d/45-latin.conf: Can't follow symlink without -L/--copy-links
2025/12/28 01:00:20 NOTICE: backups/rsnapshot/gamma.0/localhost/etc/fonts/conf.d/61-urw-gothic.conf: Can't follow symlink without -L/--copy-links
2025/12/28 01:00:20 NOTICE: backups/rsnapshot/gamma.0/localhost/etc/fonts/conf.d/58-dejavu-lgc-serif.conf: Can't follow symlink without -L/--copy-links
2025/12/28 01:00:20 NOTICE: backups/rsnapshot/gamma.0/localhost/etc/fonts/conf.d/30-metric-aliases.conf: Can't follow symlink without -L/--copy-links
2025/12/28 01:00:20 NOTICE: backups/rsnapshot/gamma.0/localhost/etc/fonts/conf.d/20-unhint-small-dejavu-sans.conf: Can't follow symlink without -L/--copy-links
2025/12/28 01:00:20 NOTICE: backups/rsnapshot/gamma.0/localhost/etc/fonts/conf.d/20-unhint-small-dejavu-lgc-sans.conf: Can't follow symlink without -L/--copy-links
2025/12/28 01:00:20 NOTICE: backups/rsnapshot/gamma.0/localhost/etc/fonts/conf.d/10-scale-bitmap-fonts.conf: Can't follow symlink without -L/--copy-links
2025/12/28 01:00:20 NOTICE: backups/rsnapshot/gamma.0/localhost/etc/fonts/conf.d/57-dejavu-sans.conf: Can't follow symlink without -L/--copy-links
2025/12/28 01:00:20 NOTICE: backups/rsnapshot/gamma.0/localhost/etc/fonts/conf.d/90-synthetic.conf: Can't follow symlink without -L/--copy-links
2025/12/28 01:00:20 NOTICE: backups/rsnapshot/gamma.0/localhost/etc/fonts/conf.d/61-urw-nimbus-mono-ps.conf: Can't follow symlink without -L/--copy-links
2025/12/28 01:00:20 NOTICE: backups/rsnapshot/gamma.0/localhost/etc/fonts/conf.d/61-urw-fallback-generics.conf: Can't follow symlink without -L/--copy-links
2025/12/28 01:00:20 NOTICE: backups/rsnapshot/gamma.0/localhost/etc/fonts/conf.d/20-unhint-small-dejavu-lgc-serif.conf: Can't follow symlink without -L/--copy-links
2025/12/28 01:00:20 NOTICE: backups/rsnapshot/gamma.0/localhost/etc/fonts/conf.d/45-generic.conf: Can't follow symlink without -L/--copy-links
2025/12/28 01:00:20 NOTICE: backups/rsnapshot/gamma.0/localhost/etc/fonts/conf.d/60-latin.conf: Can't follow symlink without -L/--copy-links
2025/12/28 01:00:20 NOTICE: backups/rsnapshot/gamma.0/localhost/etc/fonts/conf.d/70-no-bitmaps.conf: Can't follow symlink without -L/--copy-links
2025/12/28 01:00:22 NOTICE: backups/rsnapshot/beta.0/localhost/usr/local/bin/cloudflared: Can't follow symlink without -L/--copy-links
2025/12/28 01:00:22 NOTICE: backups/rsnapshot/alpha.2/localhost/etc/dictionaries-common/default.hash: Can't follow symlink without -L/--copy-links
2025/12/28 01:00:22 NOTICE: backups/rsnapshot/alpha.2/localhost/etc/dictionaries-common/words: Can't follow symlink without -L/--copy-links
2025/12/28 01:00:22 NOTICE: backups/rsnapshot/alpha.2/localhost/etc/dictionaries-common/ispell-default: Can't follow symlink without -L/--copy-links
2025/12/28 01:00:22 NOTICE: backups/rsnapshot/alpha.2/localhost/etc/dictionaries-common/default.aff: Can't follow symlink without -L/--copy-links
2025/12/28 01:00:23 NOTICE: backups/rsnapshot/delta.0/localhost/usr/local/bin/cloudflared: Can't follow symlink without -L/--copy-links
2025/12/28 01:00:24 NOTICE: backups/rsnapshot/gamma.0/localhost/usr/local/bin/cloudflared: Can't follow symlink without -L/--copy-links
2025/12/28 01:00:26 NOTICE: backups/rsnapshot/gamma.0/localhost/home/unarmedpuppy/.bun/install/cache/@openauthjs/openauth/0.4.3@@@1: Can't follow symlink without -L/--copy-links
2025/12/28 01:00:29 NOTICE: backups/rsnapshot/gamma.0/localhost/home/unarmedpuppy/.bun/install/cache/@opencode-ai/plugin/1.0.184@@@1: Can't follow symlink without -L/--copy-links
2025/12/28 01:00:29 NOTICE: backups/rsnapshot/delta.0/localhost/etc/fonts/conf.d/61-urw-d050000l.conf: Can't follow symlink without -L/--copy-links
2025/12/28 01:00:29 NOTICE: backups/rsnapshot/delta.0/localhost/etc/fonts/conf.d/58-dejavu-lgc-sans.conf: Can't follow symlink without -L/--copy-links
2025/12/28 01:00:29 NOTICE: backups/rsnapshot/delta.0/localhost/etc/fonts/conf.d/10-yes-antialias.conf: Can't follow symlink without -L/--copy-links
2025/12/28 01:00:29 NOTICE: backups/rsnapshot/delta.0/localhost/etc/fonts/conf.d/20-unhint-small-vera.conf: Can't follow symlink without -L/--copy-links
2025/12/28 01:00:29 NOTICE: backups/rsnapshot/delta.0/localhost/etc/fonts/conf.d/60-generic.conf: Can't follow symlink without -L/--copy-links
2025/12/28 01:00:29 NOTICE: backups/rsnapshot/delta.0/localhost/etc/fonts/conf.d/61-urw-nimbus-mono-ps.conf: Can't follow symlink without -L/--copy-links
2025/12/28 01:00:29 NOTICE: backups/rsnapshot/delta.0/localhost/etc/fonts/conf.d/10-scale-bitmap-fonts.conf: Can't follow symlink without -L/--copy-links
2025/12/28 01:00:29 NOTICE: backups/rsnapshot/delta.0/localhost/etc/fonts/conf.d/20-unhint-small-dejavu-sans-mono.conf: Can't follow symlink without -L/--copy-links
2025/12/28 01:00:29 NOTICE: backups/rsnapshot/delta.0/localhost/etc/fonts/conf.d/45-latin.conf: Can't follow symlink without -L/--copy-links
2025/12/28 01:00:29 NOTICE: backups/rsnapshot/delta.0/localhost/etc/fonts/conf.d/48-spacing.conf: Can't follow symlink without -L/--copy-links
2025/12/28 01:00:29 NOTICE: backups/rsnapshot/delta.0/localhost/etc/fonts/conf.d/61-urw-c059.conf: Can't follow symlink without -L/--copy-links
2025/12/28 01:00:29 NOTICE: backups/rsnapshot/delta.0/localhost/etc/fonts/conf.d/80-delicious.conf: Can't follow symlink without -L/--copy-links
2025/12/28 01:00:29 NOTICE: backups/rsnapshot/delta.0/localhost/etc/fonts/conf.d/61-urw-standard-symbols-ps.conf: Can't follow symlink without -L/--copy-links
2025/12/28 01:00:29 NOTICE: backups/rsnapshot/delta.0/localhost/etc/fonts/conf.d/61-urw-nimbus-roman.conf: Can't follow symlink without -L/--copy-links
2025/12/28 01:00:29 NOTICE: backups/rsnapshot/delta.0/localhost/etc/fonts/conf.d/57-dejavu-sans.conf: Can't follow symlink without -L/--copy-links
2025/12/28 01:00:29 NOTICE: backups/rsnapshot/delta.0/localhost/etc/fonts/conf.d/45-generic.conf: Can't follow symlink without -L/--copy-links
2025/12/28 01:00:29 NOTICE: backups/rsnapshot/delta.0/localhost/etc/fonts/conf.d/61-urw-nimbus-sans.conf: Can't follow symlink without -L/--copy-links
2025/12/28 01:00:29 NOTICE: backups/rsnapshot/delta.0/localhost/etc/fonts/conf.d/49-sansserif.conf: Can't follow symlink without -L/--copy-links
2025/12/28 01:00:29 NOTICE: backups/rsnapshot/delta.0/localhost/etc/fonts/conf.d/20-unhint-small-dejavu-sans.conf: Can't follow symlink without -L/--copy-links
2025/12/28 01:00:29 NOTICE: backups/rsnapshot/delta.0/localhost/etc/fonts/conf.d/61-urw-p052.conf: Can't follow symlink without -L/--copy-links
2025/12/28 01:00:29 NOTICE: backups/rsnapshot/delta.0/localhost/etc/fonts/conf.d/61-urw-z003.conf: Can't follow symlink without -L/--copy-links
2025/12/28 01:00:29 NOTICE: backups/rsnapshot/delta.0/localhost/etc/fonts/conf.d/61-urw-fallback-generics.conf: Can't follow symlink without -L/--copy-links
2025/12/28 01:00:29 NOTICE: backups/rsnapshot/delta.0/localhost/etc/fonts/conf.d/11-lcdfilter-default.conf: Can't follow symlink without -L/--copy-links
2025/12/28 01:00:29 NOTICE: backups/rsnapshot/delta.0/localhost/etc/fonts/conf.d/30-metric-aliases.conf: Can't follow symlink without -L/--copy-links
2025/12/28 01:00:29 NOTICE: backups/rsnapshot/delta.0/localhost/etc/fonts/conf.d/60-latin.conf: Can't follow symlink without -L/--copy-links
2025/12/28 01:00:29 NOTICE: backups/rsnapshot/delta.0/localhost/etc/fonts/conf.d/70-no-bitmaps.conf: Can't follow symlink without -L/--copy-links
2025/12/28 01:00:29 NOTICE: backups/rsnapshot/delta.0/localhost/etc/fonts/conf.d/57-dejavu-sans-mono.conf: Can't follow symlink without -L/--copy-links
2025/12/28 01:00:29 NOTICE: backups/rsnapshot/delta.0/localhost/etc/fonts/conf.d/65-fonts-persian.conf: Can't follow symlink without -L/--copy-links
2025/12/28 01:00:29 NOTICE: backups/rsnapshot/delta.0/localhost/etc/fonts/conf.d/58-dejavu-lgc-serif.conf: Can't follow symlink without -L/--copy-links
2025/12/28 01:00:29 NOTICE: backups/rsnapshot/delta.0/localhost/etc/fonts/conf.d/65-nonlatin.conf: Can't follow symlink without -L/--copy-links
2025/12/28 01:00:29 NOTICE: backups/rsnapshot/delta.0/localhost/etc/fonts/conf.d/61-urw-bookman.conf: Can't follow symlink without -L/--copy-links
2025/12/28 01:00:29 NOTICE: backups/rsnapshot/delta.0/localhost/etc/fonts/conf.d/69-unifont.conf: Can't follow symlink without -L/--copy-links
2025/12/28 01:00:29 NOTICE: backups/rsnapshot/delta.0/localhost/etc/fonts/conf.d/57-dejavu-serif.conf: Can't follow symlink without -L/--copy-links
2025/12/28 01:00:29 NOTICE: backups/rsnapshot/delta.0/localhost/etc/fonts/conf.d/61-urw-gothic.conf: Can't follow symlink without -L/--copy-links
2025/12/28 01:00:29 NOTICE: backups/rsnapshot/delta.0/localhost/etc/fonts/conf.d/30-opensymbol.conf: Can't follow symlink without -L/--copy-links
2025/12/28 01:00:29 NOTICE: backups/rsnapshot/delta.0/localhost/etc/fonts/conf.d/58-dejavu-lgc-sans-mono.conf: Can't follow symlink without -L/--copy-links
2025/12/28 01:00:29 NOTICE: backups/rsnapshot/delta.0/localhost/etc/fonts/conf.d/50-user.conf: Can't follow symlink without -L/--copy-links
2025/12/28 01:00:29 NOTICE: backups/rsnapshot/delta.0/localhost/etc/fonts/conf.d/20-unhint-small-dejavu-lgc-sans-mono.conf: Can't follow symlink without -L/--copy-links
2025/12/28 01:00:29 NOTICE: backups/rsnapshot/delta.0/localhost/etc/fonts/conf.d/10-hinting-slight.conf: Can't follow symlink without -L/--copy-links
2025/12/28 01:00:29 NOTICE: backups/rsnapshot/delta.0/localhost/etc/fonts/conf.d/20-unhint-small-dejavu-serif.conf: Can't follow symlink without -L/--copy-links
2025/12/28 01:00:29 NOTICE: backups/rsnapshot/delta.0/localhost/etc/fonts/conf.d/90-synthetic.conf: Can't follow symlink without -L/--copy-links
2025/12/28 01:00:29 NOTICE: backups/rsnapshot/delta.0/localhost/etc/fonts/conf.d/40-nonlatin.conf: Can't follow symlink without -L/--copy-links
2025/12/28 01:00:29 NOTICE: backups/rsnapshot/delta.0/localhost/etc/fonts/conf.d/20-unhint-small-dejavu-lgc-serif.conf: Can't follow symlink without -L/--copy-links
2025/12/28 01:00:29 NOTICE: backups/rsnapshot/delta.0/localhost/etc/fonts/conf.d/51-local.conf: Can't follow symlink without -L/--copy-links
2025/12/28 01:00:29 NOTICE: backups/rsnapshot/delta.0/localhost/etc/fonts/conf.d/61-urw-fallback-backwards.conf: Can't follow symlink without -L/--copy-links
2025/12/28 01:00:29 NOTICE: backups/rsnapshot/delta.0/localhost/etc/fonts/conf.d/20-unhint-small-dejavu-lgc-sans.conf: Can't follow symlink without -L/--copy-links
2025/12/28 01:00:31 NOTICE: backups/rsnapshot/alpha.2/localhost/etc/dpkg/origins/default: Can't follow symlink without -L/--copy-links
2025/12/28 01:00:32 NOTICE: backups/rsnapshot/gamma.0/localhost/home/unarmedpuppy/.bun/install/cache/@oslojs/asn1/1.0.0@@@1: Can't follow symlink without -L/--copy-links
2025/12/28 01:00:35 NOTICE: backups/rsnapshot/gamma.0/localhost/home/unarmedpuppy/.bun/install/cache/@opencode-ai/sdk/1.0.184@@@1: Can't follow symlink without -L/--copy-links
2025/12/28 01:00:35 NOTICE: backups/rsnapshot/gamma.0/localhost/home/unarmedpuppy/.bun/install/cache/@standard-schema/spec/1.0.0-7b1dbbf11ca1d290@@@1: Can't follow symlink without -L/--copy-links
2025/12/28 01:00:39 NOTICE: backups/rsnapshot/gamma.0/localhost/home/unarmedpuppy/.bun/install/cache/@oslojs/binary/1.0.0@@@1: Can't follow symlink without -L/--copy-links
2025/12/28 01:00:43 NOTICE: backups/rsnapshot/gamma.0/localhost/home/unarmedpuppy/.bun/install/cache/ajv/8.17.1@@@1: Can't follow symlink without -L/--copy-links
2025/12/28 01:00:44 NOTICE: backups/rsnapshot/gamma.0/localhost/home/unarmedpuppy/.bun/install/cache/@vscode/l10n/0.0.18@@@1: Can't follow symlink without -L/--copy-links
2025/12/28 01:00:44 NOTICE: backups/rsnapshot/alpha.0/localhost/home/unarmedpuppy/.bun/install/cache/ajv/8.17.1@@@1: Can't follow symlink without -L/--copy-links
2025/12/28 01:00:45 NOTICE: backups/rsnapshot/alpha.1/localhost/home/unarmedpuppy/.bun/install/cache/ajv/8.17.1@@@1: Can't follow symlink without -L/--copy-links
2025/12/28 01:00:46 NOTICE: backups/rsnapshot/alpha.2/localhost/home/unarmedpuppy/.bun/install/cache/ajv/8.17.1@@@1: Can't follow symlink without -L/--copy-links
2025/12/28 01:00:48 NOTICE: backups/rsnapshot/alpha.2/localhost/etc/fonts/conf.d/61-urw-gothic.conf: Can't follow symlink without -L/--copy-links
2025/12/28 01:00:48 NOTICE: backups/rsnapshot/alpha.2/localhost/etc/fonts/conf.d/30-opensymbol.conf: Can't follow symlink without -L/--copy-links
2025/12/28 01:00:48 NOTICE: backups/rsnapshot/alpha.2/localhost/etc/fonts/conf.d/20-unhint-small-dejavu-sans-mono.conf: Can't follow symlink without -L/--copy-links
2025/12/28 01:00:48 NOTICE: backups/rsnapshot/alpha.2/localhost/etc/fonts/conf.d/61-urw-standard-symbols-ps.conf: Can't follow symlink without -L/--copy-links
2025/12/28 01:00:48 NOTICE: backups/rsnapshot/alpha.2/localhost/etc/fonts/conf.d/65-nonlatin.conf: Can't follow symlink without -L/--copy-links
2025/12/28 01:00:48 NOTICE: backups/rsnapshot/alpha.2/localhost/etc/fonts/conf.d/11-lcdfilter-default.conf: Can't follow symlink without -L/--copy-links
2025/12/28 01:00:48 NOTICE: backups/rsnapshot/alpha.2/localhost/etc/fonts/conf.d/65-fonts-persian.conf: Can't follow symlink without -L/--copy-links
2025/12/28 01:00:48 NOTICE: backups/rsnapshot/alpha.2/localhost/etc/fonts/conf.d/10-hinting-slight.conf: Can't follow symlink without -L/--copy-links
2025/12/28 01:00:48 NOTICE: backups/rsnapshot/alpha.2/localhost/etc/fonts/conf.d/60-latin.conf: Can't follow symlink without -L/--copy-links
2025/12/28 01:00:48 NOTICE: backups/rsnapshot/alpha.2/localhost/etc/fonts/conf.d/90-synthetic.conf: Can't follow symlink without -L/--copy-links
2025/12/28 01:00:48 NOTICE: backups/rsnapshot/alpha.2/localhost/etc/fonts/conf.d/61-urw-d050000l.conf: Can't follow symlink without -L/--copy-links
2025/12/28 01:00:48 NOTICE: backups/rsnapshot/alpha.2/localhost/etc/fonts/conf.d/61-urw-nimbus-roman.conf: Can't follow symlink without -L/--copy-links
2025/12/28 01:00:48 NOTICE: backups/rsnapshot/alpha.2/localhost/etc/fonts/conf.d/20-unhint-small-dejavu-lgc-sans.conf: Can't follow symlink without -L/--copy-links
2025/12/28 01:00:48 NOTICE: backups/rsnapshot/alpha.2/localhost/etc/fonts/conf.d/70-no-bitmaps.conf: Can't follow symlink without -L/--copy-links
2025/12/28 01:00:48 NOTICE: backups/rsnapshot/alpha.2/localhost/etc/fonts/conf.d/40-nonlatin.conf: Can't follow symlink without -L/--copy-links
2025/12/28 01:00:48 NOTICE: backups/rsnapshot/alpha.2/localhost/etc/fonts/conf.d/50-user.conf: Can't follow symlink without -L/--copy-links
2025/12/28 01:00:48 NOTICE: backups/rsnapshot/alpha.2/localhost/etc/fonts/conf.d/69-unifont.conf: Can't follow symlink without -L/--copy-links
2025/12/28 01:00:48 NOTICE: backups/rsnapshot/alpha.2/localhost/etc/fonts/conf.d/45-latin.conf: Can't follow symlink without -L/--copy-links
2025/12/28 01:00:48 NOTICE: backups/rsnapshot/alpha.2/localhost/etc/fonts/conf.d/20-unhint-small-vera.conf: Can't follow symlink without -L/--copy-links
2025/12/28 01:00:48 NOTICE: backups/rsnapshot/alpha.2/localhost/etc/fonts/conf.d/61-urw-bookman.conf: Can't follow symlink without -L/--copy-links
2025/12/28 01:00:48 NOTICE: backups/rsnapshot/alpha.2/localhost/etc/fonts/conf.d/10-yes-antialias.conf: Can't follow symlink without -L/--copy-links
2025/12/28 01:00:48 NOTICE: backups/rsnapshot/alpha.2/localhost/etc/fonts/conf.d/61-urw-fallback-backwards.conf: Can't follow symlink without -L/--copy-links
2025/12/28 01:00:48 NOTICE: backups/rsnapshot/alpha.2/localhost/etc/fonts/conf.d/57-dejavu-sans-mono.conf: Can't follow symlink without -L/--copy-links
2025/12/28 01:00:48 NOTICE: backups/rsnapshot/alpha.2/localhost/etc/fonts/conf.d/61-urw-nimbus-sans.conf: Can't follow symlink without -L/--copy-links
2025/12/28 01:00:48 NOTICE: backups/rsnapshot/alpha.2/localhost/etc/fonts/conf.d/57-dejavu-serif.conf: Can't follow symlink without -L/--copy-links
2025/12/28 01:00:48 NOTICE: backups/rsnapshot/alpha.2/localhost/etc/fonts/conf.d/58-dejavu-lgc-serif.conf: Can't follow symlink without -L/--copy-links
2025/12/28 01:00:48 NOTICE: backups/rsnapshot/alpha.2/localhost/etc/fonts/conf.d/20-unhint-small-dejavu-sans.conf: Can't follow symlink without -L/--copy-links
2025/12/28 01:00:48 NOTICE: backups/rsnapshot/alpha.2/localhost/etc/fonts/conf.d/61-urw-fallback-generics.conf: Can't follow symlink without -L/--copy-links
2025/12/28 01:00:48 NOTICE: backups/rsnapshot/alpha.2/localhost/etc/fonts/conf.d/61-urw-nimbus-mono-ps.conf: Can't follow symlink without -L/--copy-links
2025/12/28 01:00:48 NOTICE: backups/rsnapshot/alpha.2/localhost/etc/fonts/conf.d/57-dejavu-sans.conf: Can't follow symlink without -L/--copy-links
2025/12/28 01:00:48 NOTICE: backups/rsnapshot/alpha.2/localhost/etc/fonts/conf.d/10-scale-bitmap-fonts.conf: Can't follow symlink without -L/--copy-links
2025/12/28 01:00:48 NOTICE: backups/rsnapshot/alpha.2/localhost/etc/fonts/conf.d/20-unhint-small-dejavu-lgc-sans-mono.conf: Can't follow symlink without -L/--copy-links
2025/12/28 01:00:48 NOTICE: backups/rsnapshot/alpha.2/localhost/etc/fonts/conf.d/58-dejavu-lgc-sans-mono.conf: Can't follow symlink without -L/--copy-links
2025/12/28 01:00:48 NOTICE: backups/rsnapshot/alpha.2/localhost/etc/fonts/conf.d/45-generic.conf: Can't follow symlink without -L/--copy-links
2025/12/28 01:00:48 NOTICE: backups/rsnapshot/alpha.2/localhost/etc/fonts/conf.d/80-delicious.conf: Can't follow symlink without -L/--copy-links
2025/12/28 01:00:48 NOTICE: backups/rsnapshot/alpha.2/localhost/etc/fonts/conf.d/51-local.conf: Can't follow symlink without -L/--copy-links
2025/12/28 01:00:48 NOTICE: backups/rsnapshot/alpha.2/localhost/etc/fonts/conf.d/49-sansserif.conf: Can't follow symlink without -L/--copy-links
2025/12/28 01:00:48 NOTICE: backups/rsnapshot/alpha.2/localhost/etc/fonts/conf.d/30-metric-aliases.conf: Can't follow symlink without -L/--copy-links
2025/12/28 01:00:48 NOTICE: backups/rsnapshot/alpha.2/localhost/etc/fonts/conf.d/61-urw-p052.conf: Can't follow symlink without -L/--copy-links
2025/12/28 01:00:48 NOTICE: backups/rsnapshot/alpha.2/localhost/etc/fonts/conf.d/48-spacing.conf: Can't follow symlink without -L/--copy-links
2025/12/28 01:00:48 NOTICE: backups/rsnapshot/alpha.2/localhost/etc/fonts/conf.d/20-unhint-small-dejavu-lgc-serif.conf: Can't follow symlink without -L/--copy-links
2025/12/28 01:00:48 NOTICE: backups/rsnapshot/alpha.2/localhost/etc/fonts/conf.d/61-urw-z003.conf: Can't follow symlink without -L/--copy-links
2025/12/28 01:00:48 NOTICE: backups/rsnapshot/alpha.2/localhost/etc/fonts/conf.d/58-dejavu-lgc-sans.conf: Can't follow symlink without -L/--copy-links
2025/12/28 01:00:48 NOTICE: backups/rsnapshot/alpha.2/localhost/etc/fonts/conf.d/60-generic.conf: Can't follow symlink without -L/--copy-links
2025/12/28 01:00:48 NOTICE: backups/rsnapshot/alpha.2/localhost/etc/fonts/conf.d/61-urw-c059.conf: Can't follow symlink without -L/--copy-links
2025/12/28 01:00:48 NOTICE: backups/rsnapshot/alpha.2/localhost/etc/fonts/conf.d/20-unhint-small-dejavu-serif.conf: Can't follow symlink without -L/--copy-links
2025/12/28 01:00:48 NOTICE: backups/rsnapshot/gamma.0/localhost/home/unarmedpuppy/.bun/install/cache/ajv-draft-04/1.0.0@@@1: Can't follow symlink without -L/--copy-links
2025/12/28 01:00:49 NOTICE: backups/rsnapshot/alpha.0/localhost/home/unarmedpuppy/.bun/install/cache/ajv-draft-04/1.0.0@@@1: Can't follow symlink without -L/--copy-links
2025/12/28 01:00:49 NOTICE: backups/rsnapshot/gamma.0/localhost/home/unarmedpuppy/.bun/install/cache/@oslojs/crypto/1.0.1@@@1: Can't follow symlink without -L/--copy-links
2025/12/28 01:00:50 NOTICE: backups/rsnapshot/alpha.1/localhost/home/unarmedpuppy/.bun/install/cache/ajv-draft-04/1.0.0@@@1: Can't follow symlink without -L/--copy-links
2025/12/28 01:00:51 NOTICE: backups/rsnapshot/alpha.2/localhost/home/unarmedpuppy/.bun/install/cache/ajv-draft-04/1.0.0@@@1: Can't follow symlink without -L/--copy-links
2025/12/28 01:00:52 NOTICE: backups/rsnapshot/alpha.0/localhost/etc/ifplugd/action.d/action_wpa: Can't follow symlink without -L/--copy-links
2025/12/28 01:00:56 NOTICE: backups/rsnapshot/alpha.0/localhost/home/unarmedpuppy/.bun/install/cache/arctic/2.3.4@@@1: Can't follow symlink without -L/--copy-links
2025/12/28 01:00:57 NOTICE: backups/rsnapshot/beta.0/localhost/home/unarmedpuppy/.bun/install/cache/ajv/8.17.1@@@1: Can't follow symlink without -L/--copy-links
2025/12/28 01:00:57 NOTICE: backups/rsnapshot/alpha.1/localhost/home/unarmedpuppy/.bun/install/cache/arctic/2.3.4@@@1: Can't follow symlink without -L/--copy-links
2025/12/28 01:00:58 NOTICE: backups/rsnapshot/alpha.2/localhost/home/unarmedpuppy/.bun/install/cache/arctic/2.3.4@@@1: Can't follow symlink without -L/--copy-links
2025/12/28 01:01:01 NOTICE: backups/rsnapshot/alpha.0/localhost/home/unarmedpuppy/.bun/install/cache/aws4fetch/1.0.20@@@1: Can't follow symlink without -L/--copy-links
2025/12/28 01:01:01 NOTICE: backups/rsnapshot/gamma.0/localhost/home/unarmedpuppy/.bun/install/cache/@oslojs/encoding/1.1.0@@@1: Can't follow symlink without -L/--copy-links
2025/12/28 01:01:01 NOTICE: backups/rsnapshot/gamma.0/localhost/home/unarmedpuppy/.bun/install/cache/@oslojs/encoding/0.4.1@@@1: Can't follow symlink without -L/--copy-links
2025/12/28 01:01:02 NOTICE: backups/rsnapshot/beta.0/localhost/home/unarmedpuppy/.bun/install/cache/ajv-draft-04/1.0.0@@@1: Can't follow symlink without -L/--copy-links
2025/12/28 01:01:02 NOTICE: backups/rsnapshot/alpha.1/localhost/home/unarmedpuppy/.bun/install/cache/aws4fetch/1.0.20@@@1: Can't follow symlink without -L/--copy-links
2025/12/28 01:56:53 INFO  : archive/entertainment-media/tv/Alone/Alone.S11E02.Opportunity.Cost.1080p.AMZN.WEB-DL.DDP2.0.H.264-FLUX.mkv: Copied (new)
2025/12/28 02:01:21 INFO  : archive/entertainment-media/tv/Alone/Alone.S11E03.Fortune.1080p.AMZN.WEB-DL.DDP2.0.H.264-FLUX.mkv: Copied (new)
2025/12/28 02:02:21 INFO  : archive/entertainment-media/tv/Alone/Alone.S11E01.Enter.the.Circle.1080p.AMZN.WEB-DL.DDP2.0.H.264-FLUX.mkv: Copied (new)
2025/12/28 02:02:31 INFO  : archive/entertainment-media/tv/Alone/Alone.S11E04.Legacy.1080p.AMZN.WEB-DL.DDP2.0.H.264-FLUX.mkv: Copied (new)
2025/12/28 02:57:55 INFO  : archive/entertainment-media/tv/Alone/Alone.S11E05.Something.in.the.Air.1080p.AMZN.WEB-DL.DDP2.0.H.264-FLUX.mkv: Copied (new)
2025/12/28 03:00:59 INFO  : archive/entertainment-media/tv/Alone/Alone.S11E06.Murphys.Law.1080p.AMZN.WEB-DL.DDP2.0.H.264-FLUX.mkv: Copied (new)
2025/12/28 03:02:58 INFO  : archive/entertainment-media/tv/Alone/Alone.S11E07.One.Pike.at.a.Time.1080p.AMZN.WEB-DL.DDP2.0.H.264-FLUX.mkv: Copied (new)
2025/12/28 03:04:08 INFO  : archive/entertainment-media/tv/Alone/Alone.S11E08.The.Marten.Chronicles.1080p.AMZN.WEB-DL.DDP2.0.H.264-FLUX.mkv: Copied (new)
2025/12/28 03:56:44 INFO  : archive/entertainment-media/tv/Alone/Alone.S11E09.The.Wormhole.1080p.AMZN.WEB-DL.DDP2.0.H.264-FLUX.mkv: Copied (new)
2025/12/28 04:02:15 INFO  : archive/entertainment-media/tv/Alone/Alone.S11E10.Symphony.of.Solitude.1080p.AMZN.WEB-DL.DDP2.0.H.264-FLUX.mkv: Copied (new)
2025/12/28 04:03:04 INFO  : archive/entertainment-media/tv/Alone/Alone.S11E11.Collapse.1080p.AMZN.WEB-DL.DDP2.0.H.264-FLUX.mkv: Copied (new)
2025/12/28 04:04:52 INFO  : archive/entertainment-media/tv/Alone/Alone.S11E12.Into.the.Dark.1080p.AMZN.WEB-DL.DDP2.0.H.264-FLUX.mkv: Copied (new)
2025/12/28 04:33:15 INFO  : archive/entertainment-media/tv/Alone/Alone.S12E03.1080p.WEB.h264-EDITH.mkv: Copied (new)
2025/12/28 04:33:34 INFO  : archive/entertainment-media/tv/Alone/Alone.S12E04.Finding.a.Foothold.1080p.STAN.WEB-DL.DDP5.1.H.264-RAWR.mkv: Copied (new)
2025/12/28 04:39:48 INFO  : archive/entertainment-media/tv/Alone/Alone.S12E02.1080p.WEB.h264-EDITH.mkv: Copied (new)
2025/12/28 04:58:17 INFO  : archive/entertainment-media/tv/Alone/Alone.S12E01.The.Land.of.Great.Thirst.1080p.AMZN.WEB-DL.DDP5.1.H.264-Kitsune.mkv: Copied (new)
2025/12/28 05:01:41 INFO  : archive/entertainment-media/tv/Alone/Alone.S12E06.Purpose.1080p.STAN.WEB-DL.DDP5.1.H.264-RAWR.mkv: Copied (new)
2025/12/28 05:08:45 INFO  : archive/entertainment-media/tv/Alone/Alone.S12E07.Echoes.of.Emptiness.1080p.STAN.WEB-DL.DDP5.1.H.264-RAWR.mkv: Copied (new)
2025/12/28 05:14:32 INFO  : archive/entertainment-media/tv/Alone/Alone.S12E05.1080p.AMZN.WEB-DL.DDP5.1.H.264-RAWR.mkv: Copied (new)
2025/12/28 05:15:19 INFO  : Signal received: terminated
2025/12/28 05:15:21 INFO  : Exiting...
