Starting backup at Thu Dec 25 10:36:33 CST 2025
Source: /jenquist-cloud/archive
Destination: b2-encrypted:
---
2025/12/25 10:36:34 INFO  : entertainment-media/rsync.bat: Copied (new)
2025/12/25 10:37:23 INFO  : personal-media/finance/$SPY Update 11-22-22.mp4: Copied (new)
2025/12/25 10:37:23 INFO  : personal-media/photos-archive/Zombies around my room at 4am.mp4: Copied (new)
2025/12/25 10:37:30 INFO  : personal-media/finance/$AMC CC ITM trade 11 22 22.mp4: Copied (new)
2025/12/25 10:38:05 INFO  : personal-media/photos-archive/Europe in 15 min + Dangerbahn.mp4: Copied (new)
2025/12/25 10:39:02 INFO  : personal-media/finance/$TSLA Passive Income.mp4: Copied (new)
2025/12/25 10:39:09 INFO  : personal-media/finance/3 Drives Pattern with TSLA.mp4: Copied (new)
2025/12/25 10:39:32 INFO  : personal-media/finance/AMC VC 7⧸22⧸23.mp4: Copied (new)
2025/12/25 10:39:58 INFO  : personal-media/finance/200 EMA SAR Indicator.mp4: Copied (new)
2025/12/25 10:41:03 INFO  : personal-media/finance/All things Tesla $TSLA.mp4: Copied (new)
2025/12/25 10:41:06 INFO  : personal-media/finance/Break of Structure.mp4: Copied (new)
2025/12/25 10:41:35 INFO  : personal-media/finance/Can I expect continuation or reversal？.mp4: Copied (new)
2025/12/25 10:41:39 INFO  : personal-media/finance/Bearish Candles.mp4: Copied (new)
2025/12/25 10:41:47 INFO  : personal-media/finance/Bullish Candles To Watch For.mp4: Copied (new)
2025/12/25 10:42:00 INFO  : personal-media/finance/Cash Secured Put Trading Strategy.mp4: Copied (new)
2025/12/25 10:42:40 INFO  : personal-media/finance/Delta.mp4: Copied (new)
2025/12/25 10:42:56 INFO  : personal-media/finance/Covered Calls TSLA (selling below your CB).mp4: Copied (new)
2025/12/25 10:43:36 INFO  : personal-media/finance/Drawing Trendlines for Beginners.mp4: Copied (new)
2025/12/25 10:43:36 INFO  : personal-media/finance/Drawing Fibonacci Retraces.mp4: Copied (new)
2025/12/25 10:44:25 INFO  : personal-media/finance/Do I stay or Do I roll？.mp4: Copied (new)
2025/12/25 10:44:43 INFO  : personal-media/finance/Entries and Exits on Trades.mp4: Copied (new)
2025/12/25 10:45:18 INFO  : personal-media/finance/Elliot Wave Theory Basics.mp4: Copied (new)
2025/12/25 10:45:32 INFO  : personal-media/finance/Explaining buying calls and puts.mp4: Copied (new)
2025/12/25 10:46:14 INFO  : personal-media/finance/Fibonacci Extension Video.mp4: Copied (new)
2025/12/25 10:46:15 INFO  : personal-media/finance/Gamma.mp4: Copied (new)
2025/12/25 10:46:35 INFO  : personal-media/finance/Explaning Fractals and Trade ideas.mp4: Copied (new)
2025/12/25 10:47:00 INFO  : personal-media/finance/How I made 15k on ($TSLA) Tesla in a day..mp4: Copied (new)
2025/12/25 10:47:11 INFO  : personal-media/finance/Fibonacci Retracements and Extensions.mp4: Copied (new)
2025/12/25 10:47:31 INFO  : personal-media/finance/How to Draw Supply and Demand.mp4: Copied (new)
2025/12/25 10:47:39 INFO  : personal-media/finance/How to Trade Buy Side and Sell Side Liquidity.mp4: Copied (new)
2025/12/25 10:48:30 INFO  : personal-media/finance/How to trade a Fair Value Gap.mp4: Copied (new)
2025/12/25 10:48:49 INFO  : personal-media/finance/How to trade an Opening Range Break.mp4: Copied (new)
2025/12/25 10:49:09 INFO  : personal-media/finance/How to use Fibs and set price targets.mp4: Copied (new)
2025/12/25 10:50:13 INFO  : personal-media/finance/How to use fib retracements and exstensions.mp4: Copied (new)
2025/12/25 10:50:28 INFO  : personal-media/finance/How to use the Relative Strength Index ＂RSI＂.mp4: Copied (new)
2025/12/25 10:50:38 INFO  : personal-media/finance/Identifying Support and Resistance Levels.mp4: Copied (new)
2025/12/25 10:50:53 INFO  : personal-media/finance/Identifying Supply and Demand.mp4: Copied (new)
2025/12/25 10:51:25 INFO  : personal-media/finance/Liquidity Part 2.mp4: Copied (new)
2025/12/25 10:52:11 INFO  : personal-media/finance/Implied Volatility.mp4: Copied (new)
2025/12/25 10:52:20 INFO  : personal-media/finance/Planning a Trade.mp4: Copied (new)
2025/12/25 10:52:22 INFO  : personal-media/finance/Personal Finances.mp4: Copied (new)
2025/12/25 10:52:46 INFO  : personal-media/finance/Liquidity ＂What is it and Where is it？＂.mp4: Copied (new)
2025/12/25 10:53:00 INFO  : personal-media/finance/Reading a Candle.mp4: Copied (new)
2025/12/25 10:53:39 INFO  : personal-media/finance/Post AMC earnings strategy.mp4: Copied (new)
2025/12/25 10:54:03 INFO  : personal-media/finance/Portfolio Management.mp4: Copied (new)
2025/12/25 10:54:17 INFO  : personal-media/finance/Risk.mp4: Copied (new)
2025/12/25 10:54:20 INFO  : personal-media/finance/Risk Management.mp4: Copied (new)
2025/12/25 10:54:52 INFO  : personal-media/finance/Rolling TSLA Options.mp4: Copied (new)
2025/12/25 10:55:03 INFO  : personal-media/finance/Price Action.mp4: Copied (new)
2025/12/25 10:55:19 INFO  : personal-media/finance/Scalping Covered  Calls and Cash Secured Puts.mp4: Copied (new)
2025/12/25 10:55:20 INFO  : personal-media/finance/Rolling Options.mp4: Copied (new)
2025/12/25 10:56:12 INFO  : personal-media/finance/Set it and Forget it.mp4: Copied (new)
2025/12/25 10:56:13 INFO  : personal-media/finance/Setting up your chart for trades.mp4: Copied (new)
2025/12/25 10:56:22 INFO  : personal-media/finance/Small Portfolio Tips.mp4: Copied (new)
2025/12/25 10:56:55 INFO  : personal-media/finance/Selling Covered Calls below your cost basis.mp4: Copied (new)
2025/12/25 10:57:12 INFO  : personal-media/finance/Straddles and Strangles.mp4: Copied (new)
2025/12/25 10:57:58 INFO  : personal-media/finance/The Wheel Strategy.mp4: Copied (new)
2025/12/25 10:58:21 INFO  : personal-media/finance/Supply and Demand 2.mp4: Copied (new)
2025/12/25 10:58:30 INFO  : personal-media/finance/Theta (time).mp4: Copied (new)
2025/12/25 10:58:44 INFO  : personal-media/finance/TSLA voice chat 6 8 23.mp4: Copied (new)
2025/12/25 10:59:57 INFO  : personal-media/finance/Understanding Bid Ask Spreads.mp4: Copied (new)
2025/12/25 11:00:03 INFO  : personal-media/finance/TradingView Setup.mp4: Copied (new)
2025/12/25 11:00:09 INFO  : personal-media/finance/Trading Double Tops and Bottoms.mp4: Copied (new)
2025/12/25 11:00:41 INFO  : personal-media/finance/Trends and Patterns.mp4: Copied (new)
2025/12/25 11:00:50 INFO  : personal-media/finance/Understanding Cash Covered Calls.mp4: Copied (new)
2025/12/25 11:00:52 INFO  : personal-media/finance/Understanding Cash Secured Puts.mp4: Copied (new)
2025/12/25 11:01:33 INFO  : personal-media/finance/Using Order Blocks for Trade Setups.mp4: Copied (new)
2025/12/25 11:01:42 INFO  : personal-media/finance/Understanding RSI.mp4: Copied (new)
2025/12/25 11:02:05 INFO  : personal-media/finance/Using Fibonacci Retraces Expansions and Extensions.mp4: Copied (new)
2025/12/25 11:02:45 INFO  : personal-media/finance/VC EOD 10 12 23.mp4: Copied (new)
2025/12/25 11:04:16 INFO  : personal-media/finance/VC recap 8 29 24.mp4: Copied (new)
2025/12/25 11:04:35 INFO  : personal-media/finance/Voice Chat 1⧸24⧸22 (great for new members).mp4: Copied (new)
2025/12/25 11:04:35 INFO  : personal-media/immich-library/encoded-video/.immich: Copied (new)
2025/12/25 11:04:35 INFO  : personal-media/immich-library/library/.immich: Copied (new)
2025/12/25 11:05:10 INFO  : personal-media/finance/Visible Range Tutorial.mp4: Copied (new)
2025/12/25 11:05:10 INFO  : personal-media/immich-library/thumbs/.immich: Copied (new)
2025/12/25 11:06:04 INFO  : personal-media/finance/What is a Fair Value Gap？.mp4: Copied (new)
2025/12/25 11:06:22 INFO  : personal-media/finance/Voice chat 8 15 23.mp4: Copied (new)
2025/12/25 11:06:31 INFO  : personal-media/finance/Voice Chat greed and tilt 8 29 23.mp4: Copied (new)
2025/12/25 11:07:29 INFO  : personal-media/finance/Wheeling TSLA.mp4: Copied (new)
2025/12/25 11:07:31 INFO  : personal-media/finance/Voice Chat and Fair Value Gaps explained.mp4: Copied (new)
2025/12/25 11:07:32 INFO  : personal-media/finance/Wheel Q&A.mp4: Copied (new)
2025/12/25 11:08:03 INFO  : personal-media/finance/Wheel Strategy Voice Chat.mp4: Copied (new)
2025/12/25 11:08:13 INFO  : personal-media/finance/When to sell covered calls or covered puts.mp4: Copied (new)
2025/12/25 11:08:31 INFO  : personal-media/finance/When Do I Get Out？.mp4: Copied (new)
2025/12/25 11:08:44 INFO  : personal-media/finance/Where does my money go with options？.mp4: Copied (new)
2025/12/25 11:08:44 INFO  : entertainment-media/Shows/Archer (2009)/banner.jpg: Copied (new)
2025/12/25 11:08:45 INFO  : entertainment-media/Shows/Archer (2009)/clearart.png: Copied (new)
2025/12/25 11:08:45 INFO  : entertainment-media/Shows/Archer (2009)/fanart.jpg: Copied (new)
2025/12/25 11:08:45 INFO  : entertainment-media/Shows/Archer (2009)/folder.jpg: Copied (new)
2025/12/25 11:08:45 INFO  : entertainment-media/Shows/Archer (2009)/landscape.jpg: Copied (new)
2025/12/25 11:08:46 INFO  : entertainment-media/Shows/Archer (2009)/logo.png: Copied (new)
2025/12/25 11:08:46 INFO  : personal-media/finance/Why I Don't Use a Stop Loss.mp4: Copied (new)
2025/12/25 11:08:46 INFO  : entertainment-media/Shows/Archer (2009)/tvshow.nfo: Copied (new)
2025/12/25 11:08:46 INFO  : personal-media/immich-library/backups/.immich: Copied (new)
2025/12/25 11:08:46 INFO  : entertainment-media/Shows/Archer (2009)/poster.jpg: Copied (new)
2025/12/25 11:10:06 INFO  : personal-media/finance/＂My Shares Were Called Away＂.mp4: Copied (new)
2025/12/25 11:10:32 INFO  : personal-media/finance/＂Volume Weighted Average Price＂- VWAP.mp4: Copied (new)
2025/12/25 11:11:06 INFO  : personal-media/immich-library/backups/immich-db-backup-20251212T020000-v2.2.0-pg14.19.sql.gz: Copied (new)
2025/12/25 11:11:34 INFO  : personal-media/immich-library/backups/immich-db-backup-20251211T020000-v2.2.0-pg14.19.sql.gz: Copied (new)
2025/12/25 11:12:47 INFO  : personal-media/immich-library/backups/immich-db-backup-20251214T020000-v2.2.0-pg14.19.sql.gz: Copied (new)
2025/12/25 11:13:17 INFO  : personal-media/immich-library/backups/immich-db-backup-20251215T020000-v2.2.0-pg14.19.sql.gz: Copied (new)
2025/12/25 11:13:40 INFO  : personal-media/immich-library/backups/immich-db-backup-20251213T020000-v2.2.0-pg14.19.sql.gz: Copied (new)
2025/12/25 11:14:34 INFO  : personal-media/immich-library/backups/immich-db-backup-20251216T020000-v2.2.0-pg14.19.sql.gz: Copied (new)
2025/12/25 11:15:07 INFO  : personal-media/immich-library/backups/immich-db-backup-20251217T020000-v2.2.0-pg14.19.sql.gz: Copied (new)
2025/12/25 11:15:35 INFO  : personal-media/immich-library/backups/immich-db-backup-20251218T020000-v2.2.0-pg14.19.sql.gz: Copied (new)
2025/12/25 11:17:15 INFO  : personal-media/immich-library/backups/immich-db-backup-20251220T020000-v2.4.0-pg14.19.sql.gz: Copied (new)
2025/12/25 11:17:16 ERROR : personal-media/immich-library/backups/immich-db-backup-20251223T020000-v2.4.0-pg14.19.sql.gz: Failed to copy: Cannot upload files, storage cap exceeded. See the Caps & Alerts page to increase your cap. (403 storage_cap_exceeded)
2025/12/25 11:17:16 ERROR : Cancelling sync due to fatal error: Cannot upload files, storage cap exceeded. See the Caps & Alerts page to increase your cap. (403 storage_cap_exceeded)
2025/12/25 11:17:16 ERROR : personal-media/immich-library/backups/immich-db-backup-20251222T020000-v2.4.0-pg14.19.sql.gz: Failed to copy: Post "https://pod-050-1019-03.backblaze.com/b2api/v1/b2_upload_file/849af21f4c465c6a9eb80312/c005_v0501019_t0045": context canceled
2025/12/25 11:17:16 ERROR : personal-media/immich-library/backups/immich-db-backup-20251219T020000-v2.4.0-pg14.19.sql.gz: Failed to copy: Post "https://pod-050-1003-01.backblaze.com/b2api/v1/b2_upload_file/849af21f4c465c6a9eb80312/c005_v0501003_t0006": context canceled
2025/12/25 11:17:16 ERROR : personal-media/immich-library/backups/immich-db-backup-20251221T020000-v2.4.0-pg14.19.sql.gz: Failed to copy: Post "https://pod-050-1011-12.backblaze.com/b2api/v1/b2_upload_file/849af21f4c465c6a9eb80312/c005_v0501011_t0046": context canceled
2025/12/25 11:17:16 ERROR : Encrypted drive 'b2-encrypted:': not deleting files as there were IO errors
2025/12/25 11:17:16 ERROR : Encrypted drive 'b2-encrypted:': not deleting directories as there were IO errors
2025/12/25 11:17:16 ERROR : Fatal error received - not attempting retries
2025/12/25 11:17:16 INFO  :    11.669 GiB / 3.560 TiB, 0%, 4.878 MiB/s, ETA 1w1d19h55m13s (xfr#107/10115)
2025/12/25 11:17:16 Failed to sync with 4 errors: last error was: Cannot upload files, storage cap exceeded. See the Caps & Alerts page to increase your cap. (403 storage_cap_exceeded)
