[2025-12-26 21:26:48] DELETED: The Daily Show S30E139 - December 8, 2025 - Malala Yousafzai
[2025-12-26 21:26:49] UNMONITORED in Sonarr: The Daily Show S30E139
[2025-12-26 21:26:49] DELETED: Gold Rush S16E01 - Records Will Be Broken
[2025-12-26 21:26:49] UNMONITORED in Sonarr: Gold Rush S16E01
[2025-12-26 21:26:49] DELETED: Gold Rush S16E02 - Eager Beavers
[2025-12-26 21:26:49] UNMONITORED in Sonarr: Gold Rush S16E02
[2025-12-26 21:26:49] DELETED: Gold Rush S16E04 - Buzz in the Hills
[2025-12-26 21:26:49] UNMONITORED in Sonarr: Gold Rush S16E04
[2025-12-26 21:26:49] DELETED: Gold Rush S16E05 - Pick Me Someone to Fire
[2025-12-26 21:26:49] UNMONITORED in Sonarr: Gold Rush S16E05
[2025-12-26 21:26:49] DELETED: Gold Rush S16E06 - The Weasel
[2025-12-26 21:26:49] UNMONITORED in Sonarr: Gold Rush S16E06
[2025-12-26 21:26:50] DELETED: Saturday Night Live S51E07 - December 6 - Melissa McCarthy
[2025-12-26 21:26:50] UNMONITORED in Sonarr: Saturday Night Live S51E07
[2025-12-26 21:26:50] DELETED: Saturday Night Live S51E08 - December 13 - Josh O'Connor
[2025-12-26 21:26:50] UNMONITORED in Sonarr: Saturday Night Live S51E08
[2025-12-26 21:26:50] DELETED: Survivor S49E08 - Hot Grim Reaper
[2025-12-26 21:26:50] UNMONITORED in Sonarr: Survivor S49E08
[2025-12-26 21:26:50] DELETED: Survivor S49E11 - Cherry On Top
[2025-12-26 21:26:50] UNMONITORED in Sonarr: Survivor S49E11
[2025-12-26 21:26:50] DELETED: Survivor S49E12 - The Die Is Cast
[2025-12-26 21:26:50] UNMONITORED in Sonarr: Survivor S49E12
[2025-12-26 21:26:50] DELETED: Survivor S49E13 - A Fever Dream
[2025-12-26 21:26:50] UNMONITORED in Sonarr: Survivor S49E13

========================================
[2025-12-27 03:30:01] Starting scheduled cleanup
========================================
Connected to Plex: shua-home-server

================================================================================
PLEX CLEANUP - LIVE DELETE
================================================================================

Scanning library: Kids - TV Shows

Scanning library: TV Shows

✅ No episodes to delete!
[2025-12-27 03:30:02] Cleanup completed

========================================
[2025-12-28 03:30:01] Starting scheduled cleanup
========================================
Connected to Plex: shua-home-server

================================================================================
PLEX CLEANUP - LIVE DELETE
================================================================================

Scanning library: Kids - TV Shows

Scanning library: TV Shows

✅ No episodes to delete!
[2025-12-28 03:30:01] Cleanup completed
